<?xml version="1.0" encoding="UTF-8"?>
<!-- Generated by org.testng.reporters.JUnitXMLReporter -->
<testsuite hostname="LTDLUK01424" name="Default test" tests="2" failures="0" timestamp="23 Apr 2015 22:52:38 GMT" time="34.499" errors="0">
  <testcase name="testPreRegistrationFormSubmission" time="4.202" classname="portal.automation.framework.tests.PreRegistrationTests"/>
  <testcase name="testErrorsPreRegistrationFormSubmission" time="10.262" classname="portal.automation.framework.tests.PreRegistrationTests"/>
</testsuite> <!-- Default test -->
